[ 2013-12-12T11:55:55+08:00 ] 127.0.0.1 /index.php/Admin/login
INFO: [ route_check ] --START--
INFO: CheckRoute Behavior ::run [ RunTime:0.030697s ]
INFO: [ route_check ] --END-- [ RunTime:0.030827s ]
INFO: [ app_begin ] --START--
INFO: ReadHtmlCache Behavior ::run [ RunTime:0.020121s ]
INFO: [ app_begin ] --END-- [ RunTime:0.020254s ]
SQL: SHOW COLUMNS FROM `news` [ RunTime:0.046385s ]
SQL: INSERT INTO `news` (`name`) VALUES ('ThinkPHP') [ RunTime:0.084584s ]
INFO: [ view_parse ] --START--
INFO: ParseTemplate Behavior ::run [ RunTime:0.114631s ]
INFO: [ view_parse ] --END-- [ RunTime:0.114818s ]
INFO: [ view_filter ] --START--
INFO: ContentReplace Behavior ::run [ RunTime:0.019678s ]
INFO: TokenBuild Behavior ::run [ RunTime:0.010691s ]
INFO: WriteHtmlCache Behavior ::run [ RunTime:0.012685s ]
INFO: ShowRuntime Behavior ::run [ RunTime:0.011666s ]
INFO: [ view_filter ] --END-- [ RunTime:0.055133s ]
INFO: [ view_end ] --START--
INFO: ShowPageTrace Behavior ::run [ RunTime:0.018620s ]
INFO: [ view_end ] --END-- [ RunTime:0.018765s ]

